0 info it worked if it ends with ok
1 verbose cli [ 'node', '/usr/local/bin/npm', 'run', 'watch' ]
2 info using npm@2.13.0
3 info using node@v0.10.25
4 verbose node symlink /usr/bin/node
5 verbose stack Error: missing script: watch
5 verbose stack     at run (/usr/local/lib/node_modules/npm/lib/run-script.js:142:19)
5 verbose stack     at /usr/local/lib/node_modules/npm/lib/run-script.js:58:5
5 verbose stack     at /usr/local/lib/node_modules/npm/node_modules/read-package-json/read-json.js:345:5
5 verbose stack     at checkBinReferences_ (/usr/local/lib/node_modules/npm/node_modules/read-package-json/read-json.js:309:45)
5 verbose stack     at final (/usr/local/lib/node_modules/npm/node_modules/read-package-json/read-json.js:343:3)
5 verbose stack     at then (/usr/local/lib/node_modules/npm/node_modules/read-package-json/read-json.js:113:5)
5 verbose stack     at /usr/local/lib/node_modules/npm/node_modules/read-package-json/read-json.js:284:20
5 verbose stack     at evalmachine.<anonymous>:207:20
5 verbose stack     at OpenReq.Req.done (/usr/local/lib/node_modules/npm/node_modules/read-package-json/node_modules/graceful-fs/graceful-fs.js:141:5)
5 verbose stack     at OpenReq.done (/usr/local/lib/node_modules/npm/node_modules/read-package-json/node_modules/graceful-fs/graceful-fs.js:61:22)
6 verbose cwd /var/www/rnd/redux
7 error Linux 3.13.0-68-generic
8 error argv "node" "/usr/local/bin/npm" "run" "watch"
9 error node v0.10.25
10 error npm  v2.13.0
11 error missing script: watch
12 error If you need help, you may report this error at:
12 error     <https://github.com/npm/npm/issues>
13 verbose exit [ 1, true ]
